TN:
SF:D:\Workarea\iota.eco\iota-pico\pow-srvio\src\index.ts
FNF:0
FNH:0
LF:0
LH:0
BRF:0
BRH:0
end_of_record
TN:
SF:D:\Workarea\iota.eco\iota-pico\pow-srvio\src\proofOfWorkSrvIo.ts
FN:26,(anonymous_0)
FN:39,(anonymous_1)
FN:51,(anonymous_2)
FN:70,(anonymous_3)
FN:84,(anonymous_4)
FNF:5
FNH:5
FNDA:10,(anonymous_0)
FNDA:2,(anonymous_1)
FNDA:6,(anonymous_2)
FNDA:3,(anonymous_3)
FNDA:2,(anonymous_4)
DA:1,1
DA:2,1
DA:3,1
DA:5,1
DA:7,1
DA:8,1
DA:15,1
DA:28,1
DA:30,9
DA:31,9
DA:40,2
DA:53,1
DA:56,1
DA:59,1
DA:62,1
DA:70,3
DA:73,2
DA:76,2
DA:79,2
DA:82,1
DA:84,2
LF:21
LH:21
BRDA:61,0,0,3
BRDA:61,0,1,2
BRDA:81,1,0,2
BRDA:81,1,1,1
BRF:4
BRH:4
end_of_record
TN:
SF:D:\Workarea\iota.eco\iota-pico\pow-srvio\src\models\IAttachToTangleRequest.ts
FNF:0
FNH:0
LF:0
LH:0
BRF:0
BRH:0
end_of_record
TN:
SF:D:\Workarea\iota.eco\iota-pico\pow-srvio\src\models\IAttachToTangleResponse.ts
FNF:0
FNH:0
LF:0
LH:0
BRF:0
BRH:0
end_of_record
