TN:
SF:D:\Workarea\iota.eco\iota-pico\pow-srvio\src\index.ts
FNF:0
FNH:0
LF:0
LH:0
BRF:0
BRH:0
end_of_record
TN:
SF:D:\Workarea\iota.eco\iota-pico\pow-srvio\src\proofOfWorkSrvIo.ts
FN:26,(anonymous_0)
FN:39,(anonymous_1)
FN:51,(anonymous_2)
FN:70,(anonymous_3)
FN:84,(anonymous_4)
FNF:5
FNH:5
FNDA:10,(anonymous_0)
FNDA:2,(anonymous_1)
FNDA:7,(anonymous_2)
FNDA:4,(anonymous_3)
FNDA:3,(anonymous_4)
DA:1,1
DA:2,1
DA:3,1
DA:5,1
DA:7,1
DA:8,1
DA:15,1
DA:27,10
DA:28,1
DA:30,9
DA:31,9
DA:40,2
DA:52,7
DA:53,1
DA:55,6
DA:56,1
DA:58,5
DA:59,1
DA:61,4
DA:62,1
DA:65,3
DA:70,4
DA:73,3
DA:75,3
DA:76,2
DA:79,3
DA:81,3
DA:82,1
DA:84,3
LF:29
LH:29
BRDA:27,0,0,1
BRDA:27,0,1,9
BRDA:52,1,0,1
BRDA:52,1,1,6
BRDA:55,2,0,1
BRDA:55,2,1,5
BRDA:58,3,0,1
BRDA:58,3,1,4
BRDA:61,4,0,1
BRDA:61,4,1,3
BRDA:61,5,0,4
BRDA:61,5,1,3
BRDA:75,6,0,2
BRDA:75,6,1,1
BRDA:81,7,0,1
BRDA:81,7,1,2
BRDA:81,8,0,3
BRDA:81,8,1,2
BRF:18
BRH:18
end_of_record
TN:
SF:D:\Workarea\iota.eco\iota-pico\pow-srvio\src\models\IAttachToTangleRequest.ts
FNF:0
FNH:0
LF:0
LH:0
BRF:0
BRH:0
end_of_record
TN:
SF:D:\Workarea\iota.eco\iota-pico\pow-srvio\src\models\IAttachToTangleResponse.ts
FNF:0
FNH:0
LF:0
LH:0
BRF:0
BRH:0
end_of_record
